# JRE version: OpenJDK Runtime Environment (8.0_112-b06) (build 1.8.0_112-release-b06)
# Java VM: OpenJDK 64-Bit Server VM (25.112-b06 mixed mode windows-amd64 compressed oops)
Heap:
 PSYoungGen      total 265216K, used 165258K [0x00000000e0000000, 0x00000000f2f80000, 0x0000000100000000)
  eden space 239104K, 65% used [0x00000000e0000000,0x00000000e987d808,0x00000000ee980000)
  from space 26112K, 34% used [0x00000000f1600000,0x00000000f1ee50d0,0x00000000f2f80000)
  to   space 35840K, 0% used [0x00000000ee980000,0x00000000ee980000,0x00000000f0c80000)
 ParOldGen       total 147456K, used 70213K [0x00000000a0000000, 0x00000000a9000000, 0x00000000e0000000)
  object space 147456K, 47% used [0x00000000a0000000,0x00000000a4491728,0x00000000a9000000)
 Metaspace       used 77594K, capacity 82128K, committed 82264K, reserved 1120256K
  class space    used 9838K, capacity 10608K, committed 10624K, reserved 1048576K
GC Heap History (10 events):
Event: 8775.741 GC heap before
{Heap before GC invocations=23 (full 3):
 PSYoungGen      total 308224K, used 308213K [0x00000000e0000000, 0x00000000f4f80000, 0x0000000100000000)
  eden space 289280K, 100% used [0x00000000e0000000,0x00000000f1a80000,0x00000000f1a80000)
  from space 18944K, 99% used [0x00000000f2600000,0x00000000f387d778,0x00000000f3880000)
  to   space 23552K, 0% used [0x00000000f3880000,0x00000000f3880000,0x00000000f4f80000)
 ParOldGen       total 147456K, used 55169K [0x00000000a0000000, 0x00000000a9000000, 0x00000000e0000000)
  object space 147456K, 37% used [0x00000000a0000000,0x00000000a35e07e8,0x00000000a9000000)
 Metaspace       used 75817K, capacity 79700K, committed 79832K, reserved 1118208K
  class space    used 9696K, capacity 10409K, committed 10496K, reserved 1048576K
Event: 8775.800 GC heap after
Heap after GC invocations=23 (full 3):
 PSYoungGen      total 300032K, used 21278K [0x00000000e0000000, 0x00000000f4d80000, 0x0000000100000000)
  eden space 278528K, 0% used [0x00000000e0000000,0x00000000e0000000,0x00000000f1000000)
  from space 21504K, 98% used [0x00000000f3880000,0x00000000f4d47840,0x00000000f4d80000)
  to   space 28672K, 0% used [0x00000000f1580000,0x00000000f1580000,0x00000000f3180000)
 ParOldGen       total 147456K, used 55177K [0x00000000a0000000, 0x00000000a9000000, 0x00000000e0000000)
  object space 147456K, 37% used [0x00000000a0000000,0x00000000a35e27e8,0x00000000a9000000)
 Metaspace       used 75817K, capacity 79700K, committed 79832K, reserved 1118208K
  class space    used 9696K, capacity 10409K, committed 10496K, reserved 1048576K
}
Event: 8785.233 GC heap before
{Heap before GC invocations=24 (full 3):
 PSYoungGen      total 300032K, used 299806K [0x00000000e0000000, 0x00000000f4d80000, 0x0000000100000000)
  eden space 278528K, 100% used [0x00000000e0000000,0x00000000f1000000,0x00000000f1000000)
  from space 21504K, 98% used [0x00000000f3880000,0x00000000f4d47840,0x00000000f4d80000)
  to   space 28672K, 0% used [0x00000000f1580000,0x00000000f1580000,0x00000000f3180000)
 ParOldGen       total 147456K, used 55177K [0x00000000a0000000, 0x00000000a9000000, 0x00000000e0000000)
  object space 147456K, 37% used [0x00000000a0000000,0x00000000a35e27e8,0x00000000a9000000)
 Metaspace       used 76198K, capacity 80324K, committed 80600K, reserved 1120256K
  class space    used 9729K, capacity 10459K, committed 10496K, reserved 1048576K
Event: 8785.307 GC heap after
Heap after GC invocations=24 (full 3):
 PSYoungGen      total 296960K, used 28641K [0x00000000e0000000, 0x00000000f4600000, 0x0000000100000000)
  eden space 268288K, 0% used [0x00000000e0000000,0x00000000e0000000,0x00000000f0600000)
  from space 28672K, 99% used [0x00000000f1580000,0x00000000f31786b0,0x00000000f3180000)
  to   space 20992K, 0% used [0x00000000f3180000,0x00000000f3180000,0x00000000f4600000)
 ParOldGen       total 147456K, used 55650K [0x00000000a0000000, 0x00000000a9000000, 0x00000000e0000000)
  object space 147456K, 37% used [0x00000000a0000000,0x00000000a3658848,0x00000000a9000000)
 Metaspace       used 76198K, capacity 80324K, committed 80600K, reserved 1120256K
  class space    used 9729K, capacity 10459K, committed 10496K, reserved 1048576K
}
Event: 10870.441 GC heap before
{Heap before GC invocations=25 (full 3):
 PSYoungGen      total 296960K, used 296929K [0x00000000e0000000, 0x00000000f4600000, 0x0000000100000000)
  eden space 268288K, 100% used [0x00000000e0000000,0x00000000f0600000,0x00000000f0600000)
  from space 28672K, 99% used [0x00000000f1580000,0x00000000f31786b0,0x00000000f3180000)
  to   space 20992K, 0% used [0x00000000f3180000,0x00000000f3180000,0x00000000f4600000)
 ParOldGen       total 147456K, used 55650K [0x00000000a0000000, 0x00000000a9000000, 0x00000000e0000000)
  object space 147456K, 37% used [0x00000000a0000000,0x00000000a3658848,0x00000000a9000000)
 Metaspace       used 76908K, capacity 81060K, committed 81240K, reserved 1120256K
  class space    used 9772K, capacity 10505K, committed 10624K, reserved 1048576K
Event: 10870.513 GC heap after
Heap after GC invocations=25 (full 3):
 PSYoungGen      total 279040K, used 20963K [0x00000000e0000000, 0x00000000f4600000, 0x0000000100000000)
  eden space 258048K, 0% used [0x00000000e0000000,0x00000000e0000000,0x00000000efc00000)
  from space 20992K, 99% used [0x00000000f3180000,0x00000000f45f8f58,0x00000000f4600000)
  to   space 37888K, 0% used [0x00000000efc00000,0x00000000efc00000,0x00000000f2100000)
 ParOldGen       total 147456K, used 69029K [0x00000000a0000000, 0x00000000a9000000, 0x00000000e0000000)
  object space 147456K, 46% used [0x00000000a0000000,0x00000000a4369728,0x00000000a9000000)
 Metaspace       used 76908K, capacity 81060K, committed 81240K, reserved 1120256K
  class space    used 9772K, capacity 10505K, committed 10624K, reserved 1048576K
}
Event: 10940.046 GC heap before
{Heap before GC invocations=26 (full 3):
 PSYoungGen      total 279040K, used 279011K [0x00000000e0000000, 0x00000000f4600000, 0x0000000100000000)
  eden space 258048K, 100% used [0x00000000e0000000,0x00000000efc00000,0x00000000efc00000)
  from space 20992K, 99% used [0x00000000f3180000,0x00000000f45f8f58,0x00000000f4600000)
  to   space 37888K, 0% used [0x00000000efc00000,0x00000000efc00000,0x00000000f2100000)
 ParOldGen       total 147456K, used 69029K [0x00000000a0000000, 0x00000000a9000000, 0x00000000e0000000)
  object space 147456K, 46% used [0x00000000a0000000,0x00000000a4369728,0x00000000a9000000)
 Metaspace       used 77214K, capacity 81696K, committed 82008K, reserved 1120256K
  class space    used 9805K, capacity 10553K, committed 10624K, reserved 1048576K
Event: 10940.179 GC heap after
Heap after GC invocations=26 (full 3):
 PSYoungGen      total 266240K, used 17733K [0x00000000e0000000, 0x00000000f3980000, 0x0000000100000000)
  eden space 248320K, 0% used [0x00000000e0000000,0x00000000e0000000,0x00000000ef280000)
  from space 17920K, 98% used [0x00000000efc00000,0x00000000f0d516b8,0x00000000f0d80000)
  to   space 36352K, 0% used [0x00000000f1600000,0x00000000f1600000,0x00000000f3980000)
 ParOldGen       total 147456K, used 70205K [0x00000000a0000000, 0x00000000a9000000, 0x00000000e0000000)
  object space 147456K, 47% used [0x00000000a0000000,0x00000000a448f728,0x00000000a9000000)
 Metaspace       used 77214K, capacity 81696K, committed 82008K, reserved 1120256K
  class space    used 9805K, capacity 10553K, committed 10624K, reserved 1048576K
}
Event: 10944.287 GC heap before
{Heap before GC invocations=27 (full 3):
 PSYoungGen      total 266240K, used 265632K [0x00000000e0000000, 0x00000000f3980000, 0x0000000100000000)
  eden space 248320K, 99% used [0x00000000e0000000,0x00000000ef2169a0,0x00000000ef280000)
  from space 17920K, 98% used [0x00000000efc00000,0x00000000f0d516b8,0x00000000f0d80000)
  to   space 36352K, 0% used [0x00000000f1600000,0x00000000f1600000,0x00000000f3980000)
 ParOldGen       total 147456K, used 70205K [0x00000000a0000000, 0x00000000a9000000, 0x00000000e0000000)
  object space 147456K, 47% used [0x00000000a0000000,0x00000000a448f728,0x00000000a9000000)
 Metaspace       used 77351K, capacity 81826K, committed 82008K, reserved 1120256K
  class space    used 9816K, capacity 10564K, committed 10624K, reserved 1048576K
Event: 10944.354 GC heap after
Heap after GC invocations=27 (full 3):
 PSYoungGen      total 265216K, used 9108K [0x00000000e0000000, 0x00000000f2f80000, 0x0000000100000000)
  eden space 239104K, 0% used [0x00000000e0000000,0x00000000e0000000,0x00000000ee980000)
  from space 26112K, 34% used [0x00000000f1600000,0x00000000f1ee50d0,0x00000000f2f80000)
  to   space 35840K, 0% used [0x00000000ee980000,0x00000000ee980000,0x00000000f0c80000)
 ParOldGen       total 147456K, used 70213K [0x00000000a0000000, 0x00000000a9000000, 0x00000000e0000000)
  object space 147456K, 47% used [0x00000000a0000000,0x00000000a4491728,0x00000000a9000000)
 Metaspace       used 77351K, capacity 81826K, committed 82008K, reserved 1120256K
  class space    used 9816K, capacity 10564K, committed 10624K, reserved 1048576K
}

